2021-07-06 14:51:24.822  INFO 3496 --- [main] c.e.webservice.WebServiceApplication     : Starting WebServiceApplication using Java 12.0.2 on DESKTOP-3EAMC2G with PID 3496 (D:\JavaProjects\Mera\WebService\target\classes started by Merlin in D:\JavaProjects\Mera\WebService)
2021-07-06 14:51:24.828  INFO 3496 --- [main] c.e.webservice.WebServiceApplication     : No active profile set, falling back to default profiles: default
2021-07-06 14:51:25.752  INFO 3496 --- [main] .s.d.r.c.RepositoryConfigurationDelegate : Bootstrapping Spring Data JPA repositories in DEFAULT mode.
2021-07-06 14:51:25.835  INFO 3496 --- [main] .s.d.r.c.RepositoryConfigurationDelegate : Finished Spring Data repository scanning in 64 ms. Found 1 JPA repository interfaces.
2021-07-06 14:51:26.547  INFO 3496 --- [main] o.s.b.w.embedded.tomcat.TomcatWebServer  : Tomcat initialized with port(s): 8080 (http)
2021-07-06 14:51:26.548  INFO 3496 --- [main] o.apache.catalina.core.StandardService   : Starting service [Tomcat]
2021-07-06 14:51:26.548  INFO 3496 --- [main] org.apache.catalina.core.StandardEngine  : Starting Servlet engine: [Apache Tomcat/9.0.48]
2021-07-06 14:51:26.795  INFO 3496 --- [main] o.a.c.c.C.[Tomcat].[localhost].[/]       : Initializing Spring embedded WebApplicationContext
2021-07-06 14:51:26.795  INFO 3496 --- [main] w.s.c.ServletWebServerApplicationContext : Root WebApplicationContext: initialization completed in 1889 ms
2021-07-06 14:51:27.044  INFO 3496 --- [main] o.hibernate.jpa.internal.util.LogHelper  : HHH000204: Processing PersistenceUnitInfo [name: default]
2021-07-06 14:51:27.094  INFO 3496 --- [main] org.hibernate.Version                    : HHH000412: Hibernate ORM core version 5.4.32.Final
2021-07-06 14:51:27.274  INFO 3496 --- [main] o.hibernate.annotations.common.Version   : HCANN000001: Hibernate Commons Annotations {5.1.2.Final}
2021-07-06 14:51:27.369  INFO 3496 --- [main] com.zaxxer.hikari.HikariDataSource       : HikariPool-1 - Starting...
2021-07-06 14:51:27.801  INFO 3496 --- [main] com.zaxxer.hikari.HikariDataSource       : HikariPool-1 - Start completed.
2021-07-06 14:51:27.846  INFO 3496 --- [main] org.hibernate.dialect.Dialect            : HHH000400: Using dialect: org.hibernate.dialect.PostgreSQL10Dialect
2021-07-06 14:51:28.428  INFO 3496 --- [main] o.h.e.t.j.p.i.JtaPlatformInitiator       : HHH000490: Using JtaPlatform implementation: [org.hibernate.engine.transaction.jta.platform.internal.NoJtaPlatform]
2021-07-06 14:51:28.441  INFO 3496 --- [main] j.LocalContainerEntityManagerFactoryBean : Initialized JPA EntityManagerFactory for persistence unit 'default'
2021-07-06 14:51:28.733  WARN 3496 --- [main] JpaBaseConfiguration$JpaWebConfiguration : spring.jpa.open-in-view is enabled by default. Therefore, database queries may be performed during view rendering. Explicitly configure spring.jpa.open-in-view to disable this warning
2021-07-06 14:51:29.120  WARN 3496 --- [main] o.s.b.a.f.FreeMarkerAutoConfiguration    : Cannot find template location(s): [classpath:/templates/] (please add some templates, check your FreeMarker configuration, or set spring.freemarker.checkTemplateLocation=false)
2021-07-06 14:51:29.209  INFO 3496 --- [main] o.s.b.w.embedded.tomcat.TomcatWebServer  : Tomcat started on port(s): 8080 (http) with context path ''
2021-07-06 14:51:29.227  INFO 3496 --- [main] c.e.webservice.WebServiceApplication     : Started WebServiceApplication in 4.918 seconds (JVM running for 6.036)
